{
  "RSpec": {
    "coverage": {
      "/home/steadfast-pipe-1eb6/tic-tac-toe-rb-ruby-intro-000/lib/tic_tac_toe.rb": [
        null,
        1,
        null,
        null,
        null,
        null,
        null,
        null,
        null,
        null,
        null,
        1,
        22,
        22,
        22,
        22,
        22,
        null,
        null,
        1,
        965,
        null,
        null,
        1,
        20,
        null,
        null,
        1,
        1079,
        null,
        null,
        1,
        965,
        null,
        null,
        1,
        19,
        19,
        171,
        23,
        null,
        null,
        19,
        null,
        null,
        1,
        18,
        12,
        null,
        6,
        null,
        null,
        null,
        1,
        963,
        962,
        962,
        962,
        17,
        17,
        null,
        945,
        null,
        null,
        null,
        1,
        45,
        345,
        345,
        345,
        null,
        345,
        345,
        345,
        null,
        345,
        16,
        null,
        null,
        29,
        null,
        null,
        1,
        91,
        null,
        null,
        1,
        16,
        null,
        null,
        1,
        15,
        null,
        null,
        1,
        6,
        5,
        null,
        null,
        null,
        1,
        0,
        0,
        0,
        0,
        null,
        null,
        null,
        1,
        12,
        7,
        16,
        null,
        6,
        2,
        2,
        4,
        4,
        null,
        null
      ]
    },
    "timestamp": 1617319530
  }
}
