{
  "RSpec": {
    "coverage": {
      "/home/steadfast-pipe-1eb6/tic-tac-toe-rb-ruby-intro-000/lib/tic_tac_toe.rb": [
        null,
        1,
        null,
        null,
        null,
        null,
        null,
        null,
        null,
        null,
        null,
        1,
        14,
        14,
        14,
        14,
        14,
        null,
        null,
        1,
        16,
        null,
        null,
        1,
        15,
        null,
        null,
        1,
        117,
        null,
        null,
        1,
        16,
        null,
        null,
        1,
        14,
        14,
        126,
        10,
        null,
        null,
        14,
        null,
        null,
        1,
        13,
        10,
        null,
        3,
        null,
        null,
        null,
        1,
        13,
        13,
        13,
        13,
        12,
        12,
        null,
        1,
        null,
        null,
        null,
        1,
        53,
        285,
        285,
        285,
        null,
        285,
        285,
        285,
        null,
        285,
        28,
        null,
        null,
        25,
        null,
        null,
        1,
        117,
        null,
        null,
        1,
        13,
        null,
        null,
        1,
        13,
        null,
        null,
        1,
        10,
        9,
        null,
        null,
        null,
        1,
        0,
        0,
        0,
        0,
        null,
        null,
        null,
        1,
        null,
        11,
        10,
        null,
        11,
        4,
        4,
        7,
        7,
        null,
        null
      ]
    },
    "timestamp": 1617319596
  }
}
